Lena Khalidi
Assignment1: DNA
Student ID: 002315903

Total Lines: 5

Total Nucleotides: 0

The mean of the length of the DNA strings: 0

The variance of the DNA strings: 69.25

The standard deviation of the DNA string: 8.32166

Relative probability of each nucleotide: 
A:               -nan
T:               -nan
C:               -nan
G:               -nan

Relative probability of each nucleotide bigram: 
AA:               -nan
AC:               -nan
AG:               -nan
CA:               -nan
CC:               -nan
CT:               -nan
CG:               -nan
TA:               -nan
TC:               -nan
TT:               -nan
TC:               -nan
TG:               -nan
GA:               -nan
GC:               -nan
GT:               -nan
GG:               -nan


Gaussian values: 1.74389







































































































































































































































































































































































































































































































































































































































































































































































































































































































































































































































